<?xml version="1.0" encoding="UTF-8"?>
<testng-results total="1" passed="1" failed="0" skipped="0">
  <reporter-output>
  </reporter-output>
  <suite started-at="2022-05-11T01:57:30Z" name="Adhoc" finished-at="2022-05-11T01:57:35Z" duration-ms="5288">
    <groups>
    </groups>
    <test started-at="2022-05-11T01:57:30Z" name="Regresiion" finished-at="2022-05-11T01:57:35Z" duration-ms="5288">
      <class name="piit.AutomationTrainingProgram.NewTest">
        <test-method is-config="true" signature="beforeClass()[pri:0, instance:piit.AutomationTrainingProgram.NewTest@33c911a1]" started-at="2022-05-10T21:57:30Z" name="beforeClass" finished-at="2022-05-10T21:57:35Z" duration-ms="5260" status="PASS">
          <reporter-output>
          </reporter-output>
        </test-method> <!-- beforeClass -->
        <test-method signature="f()[pri:0, instance:piit.AutomationTrainingProgram.NewTest@33c911a1]" started-at="2022-05-10T21:57:35Z" name="f" finished-at="2022-05-10T21:57:35Z" duration-ms="5" status="PASS">
          <reporter-output>
          </reporter-output>
        </test-method> <!-- f -->
        <test-method is-config="true" signature="afterClass()[pri:0, instance:piit.AutomationTrainingProgram.NewTest@33c911a1]" started-at="2022-05-10T21:57:35Z" name="afterClass" finished-at="2022-05-10T21:57:35Z" duration-ms="0" status="PASS">
          <reporter-output>
          </reporter-output>
        </test-method> <!-- afterClass -->
      </class> <!-- piit.AutomationTrainingProgram.NewTest -->
    </test> <!-- Regresiion -->
  </suite> <!-- Adhoc -->
</testng-results>
